<?xml version="1.0" encoding="UTF-8"?>
<!-- Generated by org.testng.reporters.JUnitReportReporter -->
<testsuite hostname="DESKTOP-PAVC6M2" failures="0" tests="1" name="Module4_Product_Test.SwagLabLoginTest" time="26.640" errors="0" timestamp="2024-12-21T21:53:19 IST" skipped="0">
  <testcase classname="Module4_Product_Test.SwagLabLoginTest" name="verifyProductName" time="26.640"/>
</testsuite> <!-- Module4_Product_Test.SwagLabLoginTest -->
