<?xml version="1.0" encoding="UTF-8"?>
<!-- Generated by org.testng.reporters.JUnitReportReporter -->
<testsuite hostname="DESKTOP-PAVC6M2" failures="0" tests="3" name="Module4_Product_Test.SwagLabProductTest" time="21.530" errors="0" timestamp="2024-12-21T23:25:10 IST" skipped="0">
  <testcase classname="Module4_Product_Test.SwagLabProductTest" name="verifyProductName" time="8.012"/>
  <testcase classname="Module4_Product_Test.SwagLabProductTest" name="verifyProductPrice" time="6.656"/>
  <testcase classname="Module4_Product_Test.SwagLabProductTest" name="verifyProductAddToCart" time="6.862"/>
</testsuite> <!-- Module4_Product_Test.SwagLabProductTest -->
