<?xml version="1.0" encoding="UTF-8"?>
<!-- Generated by org.testng.reporters.JUnitReportReporter -->
<testsuite hostname="DESKTOP-PAVC6M2" failures="0" tests="1" name="Module1_LoginTest.SwagLabLoginTest" time="16.086" errors="0" timestamp="2024-12-18T14:06:50 IST" skipped="0">
  <testcase classname="Module1_LoginTest.SwagLabLoginTest" name="verifyLogin" time="16.086"/>
</testsuite> <!-- Module1_LoginTest.SwagLabLoginTest -->
